Nov 04, 2025 11:31:26 PM Practica7.SistemaBancoAI agregarCuenta
INFO: Cuenta creada: ABC123647 con saldo: 1000.0
Nov 04, 2025 11:31:26 PM Practica7.SistemaBancoAI retirar
INFO: Retiro exitoso de 200.0 en la cuenta ABC123647
Nov 04, 2025 11:31:26 PM Practica7.SistemaBancoAI guardarDatos
INFO: Datos guardados correctamente en archivo.
Nov 04, 2025 11:32:08 PM Practica7.SistemaBancoAI agregarCuenta
INFO: Cuenta creada: 123647 con saldo: 1000.0
Nov 04, 2025 11:32:08 PM Practica7.SistemaBancoAI retirar
INFO: Retiro exitoso de 200.0 en la cuenta 123647
Nov 04, 2025 11:32:08 PM Practica7.SistemaBancoAI guardarDatos
INFO: Datos guardados correctamente en archivo.
Dec 03, 2025 11:02:07 PM Practica7.SistemaBancoAI guardarDatos
INFO: Datos guardados correctamente en archivo.
Dec 03, 2025 11:02:41 PM Practica7.SistemaBancoAI guardarDatos
INFO: Datos guardados correctamente en archivo.
Dec 04, 2025 12:37:42 AM Practica7.SistemaBancoAI agregarCuenta
INFO: Cuenta creada: 1234647 con saldo: 500.0
Dec 04, 2025 12:37:42 AM Practica7.SistemaBancoAI agregarCuenta
INFO: Cuenta creada: 1234647 con saldo: 500.0
